[INFO] 11-11-2024 16:14:01 [main] [Tests.TC02_LandingTest.setup(TC02_LandingTest.java:30)] - Edge driver is opened
[INFO] 11-11-2024 16:14:02 [main] [Tests.TC02_LandingTest.setup(TC02_LandingTest.java:32)] - Page is redirected to the URL
[ERROR] 11-11-2024 16:14:17 [main] [Utilities.Utility.takeFullScreenshot(Utility.java:89)] - no such element: Unable to locate element: {"method":"css selector","selector":".shopping_cart_badge"}
  (Session info: MicrosoftEdge=130.0.2849.80)
For documentation on this error, please visit: https://www.selenium.dev/documentation/webdriver/troubleshooting/errors#no-such-element-exception
Build info: version: '4.18.1', revision: 'b1d3319b48'
System info: os.name: 'Windows 10', os.arch: 'amd64', os.version: '10.0', java.version: '22.0.2'
Driver info: org.openqa.selenium.edge.EdgeDriver
Command: [8668d815ee49dfa785632f27ba0babe5, findElement {value=shopping_cart_badge, using=class name}]
Capabilities {acceptInsecureCerts: false, browserName: MicrosoftEdge, browserVersion: 130.0.2849.80, fedcm:accounts: true, ms:edgeOptions: {debuggerAddress: localhost:57941}, msedge: {msedgedriverVersion: 130.0.2849.80 (bbf5e2881b22..., userDataDir: C:\Users\A\AppData\Local\Te...}, networkConnectionEnabled: false, pageLoadStrategy: normal, platformName: windows, proxy: Proxy(), se:cdp: ws://localhost:57941/devtoo..., se:cdpVersion: 130.0.2849.80, setWindowRect: true, strictFileInteractability: false, timeouts: {implicit: 0, pageLoad: 300000, script: 30000}, unhandledPromptBehavior: dismiss and notify, webauthn:extension:credBlob: true, webauthn:extension:largeBlob: true, webauthn:extension:minPinLength: true, webauthn:extension:prf: true, webauthn:virtualAuthenticators: true}
Session ID: 8668d815ee49dfa785632f27ba0babe5
[INFO] 11-11-2024 16:14:17 [main] [Listeners.ITestResultListenerClass.onTestStart(ITestResultListenerClass.java:10)] - Test Case addingRandomProductsToCartTC started
[INFO] 11-11-2024 16:14:19 [main] [Pages.P02_LandingPage.addRandomProducts(P02_LandingPage.java:66)] - randomNumber 1
[INFO] 11-11-2024 16:14:19 [main] [Pages.P02_LandingPage.addRandomProducts(P02_LandingPage.java:66)] - randomNumber 3
[INFO] 11-11-2024 16:14:19 [main] [Pages.P02_LandingPage.addRandomProducts(P02_LandingPage.java:66)] - randomNumber 4
[INFO] 11-11-2024 16:14:20 [main] [Pages.P02_LandingPage.getNumberOfProductsOnCartIcon(P02_LandingPage.java:40)] - number of products on cart: 3
[INFO] 11-11-2024 16:14:20 [main] [Pages.P02_LandingPage.getNumberOfSelectedProducts(P02_LandingPage.java:51)] - selected products: 3
[INFO] 11-11-2024 16:14:22 [main] [Listeners.ITestResultListenerClass.onTestSuccess(ITestResultListenerClass.java:14)] - Test Case addingRandomProductsToCartTC passed
[ERROR] 11-11-2024 16:14:24 [main] [Utilities.Utility.takeFullScreenshot(Utility.java:89)] - Cannot invoke "org.openqa.selenium.JavascriptExecutor.executeScript(String, Object[])" because "js" is null
